<?xml version="1.0" encoding="UTF-8"?>
<testsuite xmlns:xsi="http://www.w3.org/2001/XMLSchema-instance" xsi:noNamespaceSchemaLocation="https://maven.apache.org/surefire/maven-surefire-plugin/xsd/surefire-test-report-3.0.xsd" version="3.0" name="com.library.model.DemoApplicationTests" time="1.961" tests="1" errors="0" skipped="0" failures="0">
  <properties>
[...]
</properties>
  <testcase name="contextLoads" classname="com.library.model.DemoApplicationTests" time="0.0">
    <system-out><![CDATA[2026-06-12T11:03:20.805+02:00  INFO 33808 --- [library-backend] [           main] t.c.s.AnnotationConfigContextLoaderUtils : Could not detect default configuration classes for test class [com.library.model.DemoApplicationTests]: DemoApplicationTests does not declare any static, non-private, non-final, nested classes annotated with @Configuration.
2026-06-12T11:03:20.808+02:00  INFO 33808 --- [library-backend] [           main] .b.t.c.SpringBootTestContextBootstrapper : Found @SpringBootConfiguration com.library.LibraryApplication for test class com.library.model.DemoApplicationTests
  .   ____          _            __ _ _
 /\\ / ___'_ __ _ _(_)_ __  __ _ \ \ \ \
( ( )\___ | '_ | '_| | '_ \/ _` | \ \ \ \
 \\/  ___)| |_)| | | | | || (_| |  ) ) ) )
  '  |____| .__|_| |_|_| |_\__, | / / / /
 =========|_|==============|___/=/_/_/_/

 :: Spring Boot ::                (v3.3.0)

2026-06-12T11:03:20.856+02:00  INFO 33808 --- [library-backend] [           main] com.library.model.DemoApplicationTests   : Starting DemoApplicationTests using Java 23.0.2 with PID 33808 (started by user in C:\Users\user\Desktop\library_cicd\backend)
2026-06-12T11:03:20.856+02:00  INFO 33808 --- [library-backend] [           main] com.library.model.DemoApplicationTests   : The following 1 profile is active: "test"
2026-06-12T11:03:21.580+02:00  INFO 33808 --- [library-backend] [           main] .s.d.r.c.RepositoryConfigurationDelegate : Bootstrapping Spring Data JPA repositories in DEFAULT mode.
2026-06-12T11:03:21.594+02:00  INFO 33808 --- [library-backend] [           main] .s.d.r.c.RepositoryConfigurationDelegate : Finished Spring Data repository scanning in 13 ms. Found 3 JPA repository interfaces.
2026-06-12T11:03:21.755+02:00  INFO 33808 --- [library-backend] [           main] o.hibernate.jpa.internal.util.LogHelper  : HHH000204: Processing PersistenceUnitInfo [name: default]
2026-06-12T11:03:21.758+02:00  INFO 33808 --- [library-backend] [           main] o.h.c.internal.RegionFactoryInitiator    : HHH000026: Second-level cache disabled
2026-06-12T11:03:21.768+02:00  INFO 33808 --- [library-backend] [           main] o.s.o.j.p.SpringPersistenceUnitInfo      : No LoadTimeWeaver setup: ignoring JPA class transformer
2026-06-12T11:03:21.771+02:00  INFO 33808 --- [library-backend] [           main] com.zaxxer.hikari.HikariDataSource       : HikariPool-1 - Starting...
2026-06-12T11:03:21.785+02:00  INFO 33808 --- [library-backend] [           main] com.zaxxer.hikari.pool.HikariPool        : HikariPool-1 - Added connection conn7: url=jdbc:h2:mem:testdb user=SA
2026-06-12T11:03:21.788+02:00  INFO 33808 --- [library-backend] [           main] com.zaxxer.hikari.HikariDataSource       : HikariPool-1 - Start completed.
2026-06-12T11:03:21.793+02:00  WARN 33808 --- [library-backend] [           main] org.hibernate.orm.deprecation            : HHH90000025: H2Dialect does not need to be specified explicitly using 'hibernate.dialect' (remove the property setting and it will be selected by default)
2026-06-12T11:03:21.891+02:00  INFO 33808 --- [library-backend] [           main] o.h.e.t.j.p.i.JtaPlatformInitiator       : HHH000489: No JTA platform available (set 'hibernate.transaction.jta.platform' to enable JTA platform integration)
Hibernate: drop table if exists emprunt cascade 
Hibernate: drop table if exists exemplaire cascade 
Hibernate: drop table if exists livre cascade 
Hibernate: drop table if exists ouvrage cascade 
Hibernate: drop table if exists revue cascade 
Hibernate: create table emprunt (date_emprunt date, date_retour_prevue date, exemplaire_id bigint, id bigint generated by default as identity, nom_etat varchar(255), primary key (id))
Hibernate: create table exemplaire (disponible boolean not null, id bigint generated by default as identity, ouvrage_id bigint, cote varchar(255), primary key (id))
Hibernate: create table livre (date_publication integer, id bigint not null, isbn bigint, auteur varchar(255), primary key (id))
Hibernate: create table ouvrage (caution integer, id bigint generated by default as identity, genre varchar(255), titre varchar(255), primary key (id))
Hibernate: create table revue (date_parution date, id bigint not null, numero varchar(255), primary key (id))
Hibernate: alter table if exists emprunt add constraint FKj7uf2osy43jrxo78f2l217ar4 foreign key (exemplaire_id) references exemplaire
Hibernate: alter table if exists exemplaire add constraint FKanyher7vd5o14qpmcgcfede10 foreign key (ouvrage_id) references ouvrage
Hibernate: alter table if exists livre add constraint FKr8s5ke894b310xxk9sagi14rk foreign key (id) references ouvrage
Hibernate: alter table if exists revue add constraint FKqoxly5e2w5gauqx8bre81l5ns foreign key (id) references ouvrage
2026-06-12T11:03:21.901+02:00  INFO 33808 --- [library-backend] [           main] j.LocalContainerEntityManagerFactoryBean : Initialized JPA EntityManagerFactory for persistence unit 'default'
2026-06-12T11:03:22.299+02:00  WARN 33808 --- [library-backend] [           main] JpaBaseConfiguration$JpaWebConfiguration : spring.jpa.open-in-view is enabled by default. Therefore, database queries may be performed during view rendering. Explicitly configure spring.jpa.open-in-view to disable this warning
2026-06-12T11:03:22.717+02:00  INFO 33808 --- [library-backend] [           main] o.s.b.a.h2.H2ConsoleAutoConfiguration    : H2 console available at '/h2-console'. Database available at 'jdbc:h2:mem:testdb'
2026-06-12T11:03:22.744+02:00  INFO 33808 --- [library-backend] [           main] com.library.model.DemoApplicationTests   : Started DemoApplicationTests in 1.926 seconds (process running for 7.874)
]]></system-out>
  </testcase>
</testsuite>